<?xml version="1.0" encoding="UTF-8"?>
<!-- Generated by org.testng.reporters.JUnitReportReporter -->
<testsuite hostname="Nithya" failures="0" tests="4" name="learn_testng.Myntra" time="0.015" errors="0" timestamp="2026-01-18T12:58:21 IST" skipped="0">
  <testcase classname="learn_testng.Myntra" name="login" time="0.010">
    <system-out>
      <![CDATA[user logged in sucessfully]]>
    </system-out>
  </testcase> <!-- login -->
  <testcase classname="learn_testng.Myntra" name="logout" time="0.001">
    <system-out>
      <![CDATA[user logged out sucessfully]]>
    </system-out>
  </testcase> <!-- logout -->
  <testcase classname="learn_testng.Myntra" name="searchProduct" time="0.003">
    <system-out>
      <![CDATA[user search a product]]>
    </system-out>
  </testcase> <!-- searchProduct -->
  <testcase classname="learn_testng.Myntra" name="searchProduct" time="0.001">
    <system-out>
      <![CDATA[user search a product]]>
    </system-out>
  </testcase> <!-- searchProduct -->
  <system-out>
    <![CDATA[user logged in sucessfully
user search a product
user search a product
user logged out sucessfully]]>
  </system-out>
</testsuite> <!-- learn_testng.Myntra -->
