<?xml version="1.0" encoding="UTF-8"?>
<!-- Generated by org.testng.reporters.JUnitReportReporter -->
<testsuite hostname="Nithya" failures="0" tests="5" name="learn_testng.Instagram" time="0.019" errors="0" timestamp="2026-01-20T12:32:22 IST" skipped="0">
  <testcase classname="learn_testng.Instagram" name="deletePost" time="0.003">
    <system-out>
      <![CDATA[user has delete a post]]>
    </system-out>
  </testcase> <!-- deletePost -->
  <testcase classname="learn_testng.Instagram" name="createPost" time="0.002">
    <system-out>
      <![CDATA[user has create a post]]>
    </system-out>
  </testcase> <!-- createPost -->
  <testcase classname="learn_testng.Instagram" name="createPost" time="0.001">
    <system-out>
      <![CDATA[user has create a post]]>
    </system-out>
  </testcase> <!-- createPost -->
  <testcase classname="learn_testng.Instagram" name="createPost" time="0.001">
    <system-out>
      <![CDATA[user has create a post]]>
    </system-out>
  </testcase> <!-- createPost -->
  <testcase classname="learn_testng.Instagram" name="login" time="0.012">
    <system-out>
      <![CDATA[user has logged in]]>
    </system-out>
  </testcase> <!-- login -->
  <system-out>
    <![CDATA[user has logged in
user has create a post
user has create a post
user has create a post
user has delete a post]]>
  </system-out>
</testsuite> <!-- learn_testng.Instagram -->
