<?xml version="1.0" encoding="UTF-8"?>
<!-- Generated by org.testng.reporters.JUnitReportReporter -->
<testsuite hostname="Nithya" failures="0" tests="3" name="learn_testng.Demo" time="0.015" errors="0" timestamp="2026-01-12T22:20:22 IST" skipped="0">
  <testcase classname="learn_testng.Demo" name="demoB" time="0.002">
    <system-out>
      <![CDATA[hi world]]>
    </system-out>
  </testcase> <!-- demoB -->
  <testcase classname="learn_testng.Demo" name="demoA" time="0.009">
    <system-out>
      <![CDATA[helloworld]]>
    </system-out>
  </testcase> <!-- demoA -->
  <testcase classname="learn_testng.Demo" name="demoC" time="0.004"/>
  <system-out>
    <![CDATA[helloworld
hi world]]>
  </system-out>
</testsuite> <!-- learn_testng.Demo -->
