<?xml version="1.0" encoding="UTF-8"?>
<!-- Generated by org.testng.reporters.JUnitReportReporter -->
<testsuite hostname="Nithya" failures="0" tests="5" name="testscript.ElectronicModules" time="-1770801280.000" errors="1" timestamp="2026-02-11T14:45:44 IST" skipped="4">
  <testcase classname="testscript.ElectronicModules" name="pendrive" time="0.000">
    <skipped/>
    <system-out>
      <![CDATA[pendrivehas been skipped]]>
    </system-out>
  </testcase> <!-- pendrive -->
  <testcase classname="testscript.ElectronicModules" name="watch" time="0.000">
    <skipped/>
    <system-out>
      <![CDATA[watchhas been skipped]]>
    </system-out>
  </testcase> <!-- watch -->
  <testcase classname="testscript.ElectronicModules" name="camera" time="0.000">
    <skipped/>
    <system-out>
      <![CDATA[camerahas been skipped]]>
    </system-out>
  </testcase> <!-- camera -->
  <testcase classname="testscript.ElectronicModules" name="smartPhone" time="0.003">
    <skipped/>
    <system-out>
      <![CDATA[smartPhonehas been skipped]]>
    </system-out>
  </testcase> <!-- smartPhone -->
  <testcase classname="testscript.ElectronicModules" name="openBrowser" time="-1770801280.000">
    <error message="
Can inject only one of &lt;ITestContext, XmlTest&gt; into a @BeforeClass annotated openBrowser.
For more information on native dependency injection please refer to https://testng.org/#_dependency_injection" type="org.testng.TestNGException">
      <![CDATA[org.testng.TestNGException: 
Can inject only one of <ITestContext, XmlTest> into a @BeforeClass annotated openBrowser.
For more information on native dependency injection please refer to https://testng.org/#_dependency_injection
at org.testng.internal.Parameters.checkParameterTypes(Parameters.java:442)
at org.testng.internal.Parameters.createParametersForMethod(Parameters.java:347)
at org.testng.internal.Parameters.createParameters(Parameters.java:699)
at org.testng.internal.Parameters.createConfigurationParameters(Parameters.java:163)
at org.testng.internal.invokers.ConfigInvoker.invokeConfigurations(ConfigInvoker.java:313)
at org.testng.internal.invokers.TestMethodWorker.invokeBeforeClassMethods(TestMethodWorker.java:188)
at org.testng.internal.invokers.TestMethodWorker.run(TestMethodWorker.java:128)
at java.base/java.util.ArrayList.forEach(ArrayList.java:1596)
at org.testng.TestRunner.privateRun(TestRunner.java:741)
at org.testng.TestRunner.run(TestRunner.java:616)
at org.testng.SuiteRunner.runTest(SuiteRunner.java:421)
at org.testng.SuiteRunner$SuiteWorker.run(SuiteRunner.java:463)
at org.testng.internal.thread.ThreadUtil.lambda$execute$0(ThreadUtil.java:64)
at java.base/java.util.concurrent.FutureTask.run(FutureTask.java:317)
at java.base/java.util.concurrent.ThreadPoolExecutor.runWorker(ThreadPoolExecutor.java:1144)
at java.base/java.util.concurrent.ThreadPoolExecutor$Worker.run(ThreadPoolExecutor.java:642)
at java.base/java.lang.Thread.run(Thread.java:1583)
]]>
    </error>
  </testcase> <!-- openBrowser -->
  <system-out>
    <![CDATA[jeanshas been skipped
bhagavadgitahas been skipped
camerahas been skipped
kurthahas been skipped
mahabharathahas been skipped
smartPhonehas been skipped
ramayanahas been skipped
shoeshas been skipped
watchhas been skipped
pendrivehas been skipped]]>
  </system-out>
</testsuite> <!-- testscript.ElectronicModules -->
