<?xml version="1.0" encoding="UTF-8"?>
<!-- Generated by org.testng.reporters.JUnitXMLReporter -->
<testsuite ignored="2" hostname="Nithya" failures="1" tests="1" name="Test(failed)(failed)" time="0.077" errors="0" timestamp="2026-01-13T12:12:01 IST">
  <testcase classname="testscript.Books" name="ramayana" time="0.013">
    <failure type="java.lang.AssertionError" message="null">
      <![CDATA[java.lang.AssertionError: null
at testscript.Books.ramayana(Books.java:10)
at java.base/java.util.ArrayList.forEach(ArrayList.java:1596)
... Removed 27 stack frames]]>
    </failure>
  </testcase> <!-- ramayana -->
  <testcase classname="testscript.Books" name="mahabharatha" time="0.0">
    <ignored/>
  </testcase> <!-- mahabharatha -->
  <testcase classname="testscript.Books" name="bhagavadgita" time="0.0">
    <ignored/>
  </testcase> <!-- bhagavadgita -->
</testsuite> <!-- Test(failed)(failed) -->
