<?xml version="1.0" encoding="UTF-8"?>
<!-- Generated by org.testng.reporters.JUnitXMLReporter -->
<testsuite ignored="0" hostname="Nithya" failures="0" tests="4" name="Test3" time="0.107" errors="0" timestamp="2026-02-11T14:45:44 IST">
  <testcase classname="testscript.ElectronicModules" name="camera" time="0.0">
    <skipped/>
  </testcase> <!-- camera -->
  <testcase classname="testscript.ElectronicModules" name="smartPhone" time="0.003">
    <skipped/>
  </testcase> <!-- smartPhone -->
  <testcase classname="testscript.ElectronicModules" name="watch" time="0.0">
    <skipped/>
  </testcase> <!-- watch -->
  <testcase classname="testscript.ElectronicModules" name="pendrive" time="0.0">
    <skipped/>
  </testcase> <!-- pendrive -->
</testsuite> <!-- Test3 -->
