<?xml version="1.0" encoding="UTF-8"?>
<!-- Generated by org.testng.reporters.JUnitXMLReporter -->
<testsuite ignored="0" hostname="Nithya" failures="0" tests="3" name="Test2" time="0.094" errors="0" timestamp="2026-02-11T14:45:44 IST">
  <testcase classname="genericlibrary.BaseClass" name="@BeforeClass openBrowser" time="-1.77080134404E9">
    <failure type="org.testng.TestNGException" message="
Can inject only one of &amp;lt;ITestContext, XmlTest&amp;gt; into a @BeforeClass annotated openBrowser.
For more information on native dependency injection please refer to https://testng.org/#_dependency_injection">
      <![CDATA[org.testng.TestNGException: 
Can inject only one of <ITestContext, XmlTest> into a @BeforeClass annotated openBrowser.
For more information on native dependency injection please refer to https://testng.org/#_dependency_injection
at java.base/java.util.ArrayList.forEach(ArrayList.java:1596)
at java.base/java.util.concurrent.FutureTask.run(FutureTask.java:317)
at java.base/java.util.concurrent.ThreadPoolExecutor.runWorker(ThreadPoolExecutor.java:1144)
at java.base/java.util.concurrent.ThreadPoolExecutor$Worker.run(ThreadPoolExecutor.java:642)
at java.base/java.lang.Thread.run(Thread.java:1583)
... Removed 12 stack frames]]>
    </failure>
  </testcase> <!-- @BeforeClass openBrowser -->
  <testcase classname="genericlibrary.BaseClass" name="@BeforeMethod login" time="0.0">
    <skipped/>
  </testcase> <!-- @BeforeMethod login -->
  <testcase classname="genericlibrary.BaseClass" name="@AfterMethod logout" time="0.0">
    <skipped/>
  </testcase> <!-- @AfterMethod logout -->
  <testcase classname="genericlibrary.BaseClass" name="@BeforeMethod login" time="0.0">
    <skipped/>
  </testcase> <!-- @BeforeMethod login -->
  <testcase classname="genericlibrary.BaseClass" name="@AfterMethod logout" time="0.0">
    <skipped/>
  </testcase> <!-- @AfterMethod logout -->
  <testcase classname="genericlibrary.BaseClass" name="@BeforeMethod login" time="0.0">
    <skipped/>
  </testcase> <!-- @BeforeMethod login -->
  <testcase classname="genericlibrary.BaseClass" name="@AfterMethod logout" time="0.0">
    <skipped/>
  </testcase> <!-- @AfterMethod logout -->
  <testcase classname="genericlibrary.BaseClass" name="@AfterClass closeBroweser" time="0.0">
    <skipped/>
  </testcase> <!-- @AfterClass closeBroweser -->
  <testcase classname="testscript.FashionModules" name="jeans" time="0.0">
    <skipped/>
  </testcase> <!-- jeans -->
  <testcase classname="testscript.FashionModules" name="kurtha" time="0.0">
    <skipped/>
  </testcase> <!-- kurtha -->
  <testcase classname="testscript.FashionModules" name="shoes" time="0.0">
    <skipped/>
  </testcase> <!-- shoes -->
</testsuite> <!-- Test2 -->
