<?xml version="1.0" encoding="UTF-8"?>
<!-- Generated by org.testng.reporters.JUnitXMLReporter -->
<testsuite ignored="0" hostname="Nithya" failures="0" tests="9" name="Test" time="0.179" errors="0" timestamp="2026-01-20T13:23:09 IST">
  <testcase classname="genericlibrary.BaseClass" name="@AfterClass closeBroweser" time="0.031">
    <failure type="java.lang.NullPointerException" message="Cannot invoke &amp;quot;org.openqa.selenium.WebDriver.quit()&amp;quot; because &amp;quot;genericlibrary.BaseClass.driver&amp;quot; is null">
      <![CDATA[java.lang.NullPointerException: Cannot invoke "org.openqa.selenium.WebDriver.quit()" because "genericlibrary.BaseClass.driver" is null
at genericlibrary.BaseClass.closeBroweser(BaseClass.java:45)
at java.base/java.util.ArrayList.forEach(ArrayList.java:1596)
... Removed 24 stack frames]]>
    </failure>
  </testcase> <!-- @AfterClass closeBroweser -->
  <testcase classname="genericlibrary.BaseClass" name="@AfterClass closeBroweser" time="0.001">
    <failure type="java.lang.NullPointerException" message="Cannot invoke &amp;quot;org.openqa.selenium.WebDriver.quit()&amp;quot; because &amp;quot;genericlibrary.BaseClass.driver&amp;quot; is null">
      <![CDATA[java.lang.NullPointerException: Cannot invoke "org.openqa.selenium.WebDriver.quit()" because "genericlibrary.BaseClass.driver" is null
at genericlibrary.BaseClass.closeBroweser(BaseClass.java:45)
at java.base/java.util.ArrayList.forEach(ArrayList.java:1596)
... Removed 24 stack frames]]>
    </failure>
  </testcase> <!-- @AfterClass closeBroweser -->
  <testcase classname="genericlibrary.BaseClass" name="@AfterClass closeBroweser" time="0.001">
    <failure type="java.lang.NullPointerException" message="Cannot invoke &amp;quot;org.openqa.selenium.WebDriver.quit()&amp;quot; because &amp;quot;genericlibrary.BaseClass.driver&amp;quot; is null">
      <![CDATA[java.lang.NullPointerException: Cannot invoke "org.openqa.selenium.WebDriver.quit()" because "genericlibrary.BaseClass.driver" is null
at genericlibrary.BaseClass.closeBroweser(BaseClass.java:45)
at java.base/java.util.ArrayList.forEach(ArrayList.java:1596)
... Removed 24 stack frames]]>
    </failure>
  </testcase> <!-- @AfterClass closeBroweser -->
  <testcase classname="testscript.Books" name="bhagavadgita" time="0.01"/>
  <testcase classname="testscript.Books" name="mahabharatha" time="0.003"/>
  <testcase classname="testscript.Books" name="ramayana" time="0.001"/>
  <testcase classname="testscript.FashionModules" name="jeans" time="0.002"/>
  <testcase classname="testscript.FashionModules" name="kurtha" time="0.003"/>
  <testcase classname="testscript.FashionModules" name="shoes" time="0.002"/>
  <testcase classname="testscript.ElectronicModules" name="camera" time="0.002"/>
  <testcase classname="testscript.ElectronicModules" name="smartPhone" time="0.002"/>
  <testcase classname="testscript.ElectronicModules" name="watch" time="0.004"/>
</testsuite> <!-- Test -->
